<?xml version="1.0" encoding="UTF-8"?>
<!-- Generated by org.testng.reporters.JUnitXMLReporter -->
<testsuite ignored="0" hostname="Dalals-MacBook-Pro.local" failures="1" tests="6" name="Login Functionality" time="82.754" errors="0" timestamp="2025-02-24T01:04:23 GMT+04:00">
  <testcase classname="tests.loginFunctionality.LoginTest" name="LoginWithEmptyFields" time="17.837"/>
  <testcase classname="tests.loginFunctionality.LoginTest" name="testInsensivity" time="10.905"/>
  <testcase classname="tests.loginFunctionality.LoginTest" name="testInvalidEmailFormat" time="8.223">
    <failure type="java.lang.AssertionError" message="Error message was not displayed for empty fields.">
      <![CDATA[java.lang.AssertionError: Error message was not displayed for empty fields.
at tests.loginFunctionality.LoginTest.testInvalidEmailFormat(LoginTest.java:157)
at java.base/java.util.concurrent.Executors$RunnableAdapter.call(Executors.java:572)
at java.base/java.util.concurrent.FutureTask.run(FutureTask.java:317)
at java.base/java.util.concurrent.ThreadPoolExecutor.runWorker(ThreadPoolExecutor.java:1144)
at java.base/java.util.concurrent.ThreadPoolExecutor$Worker.run(ThreadPoolExecutor.java:642)
at java.base/java.lang.Thread.run(Thread.java:1575)
... Removed 12 stack frames]]>
    </failure>
  </testcase> <!-- testInvalidEmailFormat -->
  <testcase classname="tests.loginFunctionality.LoginTest" name="testLogout" time="23.435"/>
  <testcase classname="tests.loginFunctionality.LoginTest" name="testWrongCredentials" time="11.191"/>
  <testcase classname="tests.loginFunctionality.LoginTest" name="testCorrectCredentials" time="11.157"/>
</testsuite> <!-- Login Functionality -->
