<?xml version="1.0" encoding="UTF-8"?>
<testsuite xmlns:xsi="http://www.w3.org/2001/XMLSchema-instance" xsi:noNamespaceSchemaLocation="https://maven.apache.org/surefire/maven-surefire-plugin/xsd/surefire-test-report.xsd" version="3.0.2" name="TestSuite" time="893.829" tests="38" errors="0" skipped="1" failures="6">
  <properties>
[...]
</properties>
  <testcase name="testAddItemFromCategoryPageValidInputs[ui-id-4, Jackets, Olivia 1/4 Zip Light Jacket, S, Purple, 77](1)" classname="tests.cartManagement.AddToCartTest" time="16.632">
    <system-err><![CDATA[SLF4J: Failed to load class "org.slf4j.impl.StaticLoggerBinder".
SLF4J: Defaulting to no-operation (NOP) logger implementation
SLF4J: See http://www.slf4j.org/codes.html#StaticLoggerBinder for further details.
Feb 24, 2025 12:49:33 AM org.openqa.selenium.devtools.CdpVersionFinder findNearestMatch
WARNING: Unable to find an exact match for CDP version 133, returning the closest version; found: 132; Please update to a Selenium version that supports CDP version 133
]]></system-err>
  </testcase>
  <testcase name="testAddItemFromCategoryPageValidInputs[ui-id-4, Jackets, Neve Studio Dance Jacket, S, Orange, 69](2)" classname="tests.cartManagement.AddToCartTest" time="18.908">
    <system-err><![CDATA[Feb 24, 2025 12:49:56 AM org.openqa.selenium.devtools.CdpVersionFinder findNearestMatch
WARNING: Unable to find an exact match for CDP version 133, returning the closest version; found: 132; Please update to a Selenium version that supports CDP version 133
]]></system-err>
  </testcase>
  <testcase name="testAddItemFromCategoryPageValidInputs[ui-id-4, Jackets, Jade Yoga Jacket, L, Blue, 32](3)" classname="tests.cartManagement.AddToCartTest" time="16.876">
    <system-err><![CDATA[Feb 24, 2025 12:50:19 AM org.openqa.selenium.devtools.CdpVersionFinder findNearestMatch
WARNING: Unable to find an exact match for CDP version 133, returning the closest version; found: 132; Please update to a Selenium version that supports CDP version 133
]]></system-err>
  </testcase>
  <testcase name="testAddItemFromCategoryPageValidInputs[ui-id-5, Tees, Ryker LumaTech™ Tee (V-neck), M, Gray, 28](4)" classname="tests.cartManagement.AddToCartTest" time="15.927">
    <system-err><![CDATA[Feb 24, 2025 12:50:43 AM org.openqa.selenium.devtools.CdpVersionFinder findNearestMatch
WARNING: Unable to find an exact match for CDP version 133, returning the closest version; found: 132; Please update to a Selenium version that supports CDP version 133
]]></system-err>
  </testcase>
  <testcase name="testAddItemFromHomePageValidInputs" classname="tests.cartManagement.AddToCartTest" time="55.873">
    <system-err><![CDATA[Feb 24, 2025 12:51:06 AM org.openqa.selenium.devtools.CdpVersionFinder findNearestMatch
WARNING: Unable to find an exact match for CDP version 133, returning the closest version; found: 132; Please update to a Selenium version that supports CDP version 133
]]></system-err>
  </testcase>
  <testcase name="testAddItemFromProductPageValidInputs[a#ui-id-6, a#ui-id-25, Push It Messenger Bag, 45, false, 1, https://magento.softwaretestingboard.com/push-it-messenger-bag.html](1)" classname="tests.cartManagement.AddToCartTest" time="17.191">
    <failure message="no such element: Unable to locate element: {&quot;method&quot;:&quot;css selector&quot;,&quot;selector&quot;:&quot;.message-success&quot;}&#10;  (Session info: chrome=133.0.6943.127)&#10;For documentation on this error, please visit: https://www.selenium.dev/documentation/webdriver/troubleshooting/errors#no-such-element-exception&#10;Build info: version: &apos;4.28.1&apos;, revision: &apos;73f5ad48a2&apos;&#10;System info: os.name: &apos;Mac OS X&apos;, os.arch: &apos;aarch64&apos;, os.version: &apos;15.3&apos;, java.version: &apos;23.0.2&apos;&#10;Driver info: org.openqa.selenium.chrome.ChromeDriver&#10;Command: [162248c57e090c9d8709b27239fb7cf7, findElement {value=.message-success, using=css selector}]&#10;Capabilities {acceptInsecureCerts: false, browserName: chrome, browserVersion: 133.0.6943.127, chrome: {chromedriverVersion: 133.0.6943.126 (cffa127ce7b..., userDataDir: /var/folders/xb/lykg2kw15nj...}, fedcm:accounts: true, goog:chromeOptions: {debuggerAddress: localhost:59606}, networkConnectionEnabled: false, pageLoadStrategy: normal, platformName: mac, proxy: Proxy(), se:cdp: ws://localhost:59606/devtoo..., se:cdpVersion: 133.0.6943.127, setWindowRect: true, strictFileInteractability: false, timeouts: {implicit: 0, pageLoad: 300000, script: 30000}, unhandledPromptBehavior: dismiss and notify, webauthn:extension:credBlob: true, webauthn:extension:largeBlob: true, webauthn:extension:minPinLength: true, webauthn:extension:prf: true, webauthn:virtualAuthenticators: true}&#10;Session ID: 162248c57e090c9d8709b27239fb7cf7" type="org.openqa.selenium.NoSuchElementException"><![CDATA[org.openqa.selenium.NoSuchElementException: 
no such element: Unable to locate element: {"method":"css selector","selector":".message-success"}
  (Session info: chrome=133.0.6943.127)
For documentation on this error, please visit: https://www.selenium.dev/documentation/webdriver/troubleshooting/errors#no-such-element-exception
Build info: version: '4.28.1', revision: '73f5ad48a2'
System info: os.name: 'Mac OS X', os.arch: 'aarch64', os.version: '15.3', java.version: '23.0.2'
Driver info: org.openqa.selenium.chrome.ChromeDriver
Command: [162248c57e090c9d8709b27239fb7cf7, findElement {value=.message-success, using=css selector}]
Capabilities {acceptInsecureCerts: false, browserName: chrome, browserVersion: 133.0.6943.127, chrome: {chromedriverVersion: 133.0.6943.126 (cffa127ce7b..., userDataDir: /var/folders/xb/lykg2kw15nj...}, fedcm:accounts: true, goog:chromeOptions: {debuggerAddress: localhost:59606}, networkConnectionEnabled: false, pageLoadStrategy: normal, platformName: mac, proxy: Proxy(), se:cdp: ws://localhost:59606/devtoo..., se:cdpVersion: 133.0.6943.127, setWindowRect: true, strictFileInteractability: false, timeouts: {implicit: 0, pageLoad: 300000, script: 30000}, unhandledPromptBehavior: dismiss and notify, webauthn:extension:credBlob: true, webauthn:extension:largeBlob: true, webauthn:extension:minPinLength: true, webauthn:extension:prf: true, webauthn:virtualAuthenticators: true}
Session ID: 162248c57e090c9d8709b27239fb7cf7
	at java.base/jdk.internal.reflect.DirectConstructorHandleAccessor.newInstance(DirectConstructorHandleAccessor.java:62)
	at java.base/java.lang.reflect.Constructor.newInstanceWithCaller(Constructor.java:501)
	at java.base/java.lang.reflect.Constructor.newInstance(Constructor.java:485)
	at org.openqa.selenium.remote.ErrorCodec.decode(ErrorCodec.java:167)
	at org.openqa.selenium.remote.codec.w3c.W3CHttpResponseCodec.decode(W3CHttpResponseCodec.java:138)
	at org.openqa.selenium.remote.codec.w3c.W3CHttpResponseCodec.decode(W3CHttpResponseCodec.java:50)
	at org.openqa.selenium.remote.HttpCommandExecutor.execute(HttpCommandExecutor.java:215)
	at org.openqa.selenium.remote.service.DriverCommandExecutor.invokeExecute(DriverCommandExecutor.java:216)
	at org.openqa.selenium.remote.service.DriverCommandExecutor.execute(DriverCommandExecutor.java:174)
	at org.openqa.selenium.remote.RemoteWebDriver.execute(RemoteWebDriver.java:545)
	at org.openqa.selenium.remote.ElementLocation$ElementFinder$2.findElement(ElementLocation.java:165)
	at org.openqa.selenium.remote.ElementLocation.findElement(ElementLocation.java:59)
	at org.openqa.selenium.remote.RemoteWebDriver.findElement(RemoteWebDriver.java:368)
	at org.openqa.selenium.remote.RemoteWebDriver.findElement(RemoteWebDriver.java:362)
	at pom.ProductPage.getSuccessMessageColor(ProductPage.java:24)
	at tests.cartManagement.AddToCartTest.verifyAddProductToCartFromProductPage(AddToCartTest.java:122)
	at tests.cartManagement.AddToCartTest.testAddItemFromProductPageValidInputs(AddToCartTest.java:60)
	at java.base/jdk.internal.reflect.DirectMethodHandleAccessor.invoke(DirectMethodHandleAccessor.java:103)
	at java.base/java.lang.reflect.Method.invoke(Method.java:580)
	at org.testng.internal.invokers.MethodInvocationHelper.invokeMethod(MethodInvocationHelper.java:141)
	at org.testng.internal.invokers.TestInvoker.invokeMethod(TestInvoker.java:686)
	at org.testng.internal.invokers.TestInvoker.invokeTestMethod(TestInvoker.java:230)
	at org.testng.internal.invokers.MethodRunner.runInSequence(MethodRunner.java:63)
	at org.testng.internal.invokers.TestInvoker$MethodInvocationAgent.invoke(TestInvoker.java:992)
	at org.testng.internal.invokers.TestInvoker.invokeTestMethods(TestInvoker.java:203)
	at org.testng.internal.invokers.TestMethodWorker.invokeTestMethods(TestMethodWorker.java:154)
	at org.testng.internal.invokers.TestMethodWorker.run(TestMethodWorker.java:134)
	at java.base/java.util.concurrent.Executors$RunnableAdapter.call(Executors.java:572)
	at java.base/java.util.concurrent.FutureTask.run(FutureTask.java:317)
	at org.testng.internal.thread.graph.TestNGFutureTask.run(TestNGFutureTask.java:22)
	at java.base/java.util.concurrent.ThreadPoolExecutor.runWorker(ThreadPoolExecutor.java:1144)
	at java.base/java.util.concurrent.ThreadPoolExecutor$Worker.run(ThreadPoolExecutor.java:642)
	at java.base/java.lang.Thread.run(Thread.java:1575)
]]></failure>
    <system-err><![CDATA[Feb 24, 2025 12:52:09 AM org.openqa.selenium.devtools.CdpVersionFinder findNearestMatch
WARNING: Unable to find an exact match for CDP version 133, returning the closest version; found: 132; Please update to a Selenium version that supports CDP version 133
]]></system-err>
  </testcase>
  <testcase name="testAddItemFromProductPageValidInputs[a#ui-id-6, a#ui-id-26, Set of Sprite Yoga Straps, 17, true, 3, https://magento.softwaretestingboard.com/set-of-sprite-yoga-straps.html](2)" classname="tests.cartManagement.AddToCartTest" time="9.02">
    <system-err><![CDATA[Feb 24, 2025 12:52:29 AM org.openqa.selenium.devtools.CdpVersionFinder findNearestMatch
WARNING: Unable to find an exact match for CDP version 133, returning the closest version; found: 132; Please update to a Selenium version that supports CDP version 133
]]></system-err>
  </testcase>
  <testcase name="testAddItemFromCategoryPageInValidInputs" classname="tests.cartManagement.AddToCartTest" time="11.414">
    <system-err><![CDATA[Feb 24, 2025 12:53:22 AM org.openqa.selenium.devtools.CdpVersionFinder findNearestMatch
WARNING: Unable to find an exact match for CDP version 133, returning the closest version; found: 132; Please update to a Selenium version that supports CDP version 133
]]></system-err>
  </testcase>
  <testcase name="testAddItemFromHomePageInValidInputs" classname="tests.cartManagement.AddToCartTest" time="11.227">
    <system-err><![CDATA[Feb 24, 2025 12:53:39 AM org.openqa.selenium.devtools.CdpVersionFinder findNearestMatch
WARNING: Unable to find an exact match for CDP version 133, returning the closest version; found: 132; Please update to a Selenium version that supports CDP version 133
]]></system-err>
  </testcase>
  <testcase name="testAddItemFromProductPageInValidInputs" classname="tests.cartManagement.AddToCartTest" time="7.998">
    <system-err><![CDATA[Feb 24, 2025 12:53:58 AM org.openqa.selenium.devtools.CdpVersionFinder findNearestMatch
WARNING: Unable to find an exact match for CDP version 133, returning the closest version; found: 132; Please update to a Selenium version that supports CDP version 133
]]></system-err>
  </testcase>
  <testcase name="testMoveToWishlistAsLoggedInUser" classname="tests.cartManagement.MoveToWishListTest" time="27.949">
    <system-err><![CDATA[Feb 24, 2025 12:52:43 AM org.openqa.selenium.devtools.CdpVersionFinder findNearestMatch
WARNING: Unable to find an exact match for CDP version 133, returning the closest version; found: 132; Please update to a Selenium version that supports CDP version 133
]]></system-err>
  </testcase>
  <testcase name="testMoveToWishlistAsGuestUser" classname="tests.cartManagement.MoveToWishListTest" time="29.685">
    <system-err><![CDATA[Feb 24, 2025 12:55:54 AM org.openqa.selenium.devtools.CdpVersionFinder findNearestMatch
WARNING: Unable to find an exact match for CDP version 133, returning the closest version; found: 132; Please update to a Selenium version that supports CDP version 133
]]></system-err>
  </testcase>
  <testcase name="testValidCoupon" classname="tests.cartManagement.CouponValidationTest" time="0.0">
    <skipped message="Skipping the valid coupon test as Cause there is no available codes."/>
    <system-err><![CDATA[Feb 24, 2025 12:53:14 AM org.openqa.selenium.devtools.CdpVersionFinder findNearestMatch
WARNING: Unable to find an exact match for CDP version 133, returning the closest version; found: 132; Please update to a Selenium version that supports CDP version 133
]]></system-err>
  </testcase>
  <testcase name="testInvalidCoupon" classname="tests.cartManagement.CouponValidationTest" time="20.826">
    <system-err><![CDATA[Feb 24, 2025 12:55:00 AM org.openqa.selenium.devtools.CdpVersionFinder findNearestMatch
WARNING: Unable to find an exact match for CDP version 133, returning the closest version; found: 132; Please update to a Selenium version that supports CDP version 133
]]></system-err>
  </testcase>
  <testcase name="testGuestToLoggedInCartSync" classname="tests.cartManagement.CartPersistenceTest" time="14.051">
    <system-err><![CDATA[Feb 24, 2025 12:54:11 AM org.openqa.selenium.devtools.CdpVersionFinder findNearestMatch
WARNING: Unable to find an exact match for CDP version 133, returning the closest version; found: 132; Please update to a Selenium version that supports CDP version 133
]]></system-err>
  </testcase>
  <testcase name="testGuestUserCartPersistence" classname="tests.cartManagement.CartPersistenceTest" time="17.613">
    <system-out><![CDATA[Cookies saved to file.
First session closed.
Cookies loaded from file.
Reopened browser with saved session.
]]></system-out>
    <system-err><![CDATA[Feb 24, 2025 12:54:35 AM org.openqa.selenium.devtools.CdpVersionFinder findNearestMatch
WARNING: Unable to find an exact match for CDP version 133, returning the closest version; found: 132; Please update to a Selenium version that supports CDP version 133
Feb 24, 2025 12:54:50 AM org.openqa.selenium.devtools.CdpVersionFinder findNearestMatch
WARNING: Unable to find an exact match for CDP version 133, returning the closest version; found: 132; Please update to a Selenium version that supports CDP version 133
]]></system-err>
  </testcase>
  <testcase name="testLoggedInUserCartPersistence" classname="tests.cartManagement.CartPersistenceTest" time="24.983">
    <system-err><![CDATA[Feb 24, 2025 12:55:26 AM org.openqa.selenium.devtools.CdpVersionFinder findNearestMatch
WARNING: Unable to find an exact match for CDP version 133, returning the closest version; found: 132; Please update to a Selenium version that supports CDP version 133
]]></system-err>
  </testcase>
  <testcase name="testNavigateFromCartIcon" classname="tests.cartManagement.NavigateToCartTest" time="17.602">
    <system-err><![CDATA[Feb 24, 2025 12:56:36 AM org.openqa.selenium.devtools.CdpVersionFinder findNearestMatch
WARNING: Unable to find an exact match for CDP version 133, returning the closest version; found: 132; Please update to a Selenium version that supports CDP version 133
]]></system-err>
  </testcase>
  <testcase name="testNavigateFromSuccessMessage" classname="tests.cartManagement.NavigateToCartTest" time="17.616">
    <system-err><![CDATA[Feb 24, 2025 12:57:00 AM org.openqa.selenium.devtools.CdpVersionFinder findNearestMatch
WARNING: Unable to find an exact match for CDP version 133, returning the closest version; found: 132; Please update to a Selenium version that supports CDP version 133
]]></system-err>
  </testcase>
  <testcase name="testRemoveAllItemsFromCart" classname="tests.cartManagement.RemoveFromCartTest" time="35.826">
    <system-err><![CDATA[Feb 24, 2025 12:57:23 AM org.openqa.selenium.devtools.CdpVersionFinder findNearestMatch
WARNING: Unable to find an exact match for CDP version 133, returning the closest version; found: 132; Please update to a Selenium version that supports CDP version 133
]]></system-err>
  </testcase>
  <testcase name="testRemoveItemFromCart[S, Purple, Olivia 1/4 Zip Light Jacket, 77.0](1)" classname="tests.cartManagement.RemoveFromCartTest" time="27.496">
    <system-err><![CDATA[Feb 24, 2025 12:58:07 AM org.openqa.selenium.devtools.CdpVersionFinder findNearestMatch
WARNING: Unable to find an exact match for CDP version 133, returning the closest version; found: 132; Please update to a Selenium version that supports CDP version 133
]]></system-err>
  </testcase>
  <testcase name="testRemoveItemFromCart[XS, Orange, Neve Studio Dance Jacket, 69.0](2)" classname="tests.cartManagement.RemoveFromCartTest" time="27.579">
    <system-err><![CDATA[Feb 24, 2025 12:58:46 AM org.openqa.selenium.devtools.CdpVersionFinder findNearestMatch
WARNING: Unable to find an exact match for CDP version 133, returning the closest version; found: 132; Please update to a Selenium version that supports CDP version 133
]]></system-err>
  </testcase>
  <testcase name="testRemoveItemFromCartFromMultipleItems" classname="tests.cartManagement.RemoveFromCartTest" time="24.588">
    <system-err><![CDATA[Feb 24, 2025 12:59:22 AM org.openqa.selenium.devtools.CdpVersionFinder findNearestMatch
WARNING: Unable to find an exact match for CDP version 133, returning the closest version; found: 132; Please update to a Selenium version that supports CDP version 133
]]></system-err>
  </testcase>
  <testcase name="addToWishlistWithoutLogin" classname="tests.wishlistManagement.TS_501_AddToWishlist" time="14.587">
    <system-out><![CDATA[adding to wishlist
Test Passed: Without login, user is redirected to login page.
]]></system-out>
    <system-err><![CDATA[Feb 24, 2025 12:59:57 AM org.openqa.selenium.devtools.CdpVersionFinder findNearestMatch
WARNING: Unable to find an exact match for CDP version 133, returning the closest version; found: 132; Please update to a Selenium version that supports CDP version 133
Feb 24, 2025 12:59:59 AM org.openqa.selenium.devtools.CdpVersionFinder findNearestMatch
WARNING: Unable to find an exact match for CDP version 133, returning the closest version; found: 132; Please update to a Selenium version that supports CDP version 133
Feb 24, 2025 1:00:01 AM org.openqa.selenium.devtools.CdpVersionFinder findNearestMatch
WARNING: Unable to find an exact match for CDP version 133, returning the closest version; found: 132; Please update to a Selenium version that supports CDP version 133
Feb 24, 2025 1:00:03 AM org.openqa.selenium.devtools.CdpVersionFinder findNearestMatch
WARNING: Unable to find an exact match for CDP version 133, returning the closest version; found: 132; Please update to a Selenium version that supports CDP version 133
Feb 24, 2025 1:00:05 AM org.openqa.selenium.devtools.CdpVersionFinder findNearestMatch
WARNING: Unable to find an exact match for CDP version 133, returning the closest version; found: 132; Please update to a Selenium version that supports CDP version 133
]]></system-err>
  </testcase>
  <testcase name="addFromCategoryListWithDetails" classname="tests.wishlistManagement.TS_501_AddToWishlist" time="14.095">
    <failure message="Wishlist page did NOT load after adding item! expected [true] but found [false]" type="java.lang.AssertionError"><![CDATA[java.lang.AssertionError: Wishlist page did NOT load after adding item! expected [true] but found [false]
	at org.testng.Assert.fail(Assert.java:111)
	at org.testng.Assert.failNotEquals(Assert.java:1578)
	at org.testng.Assert.assertTrue(Assert.java:57)
	at tests.wishlistManagement.TS_501_AddToWishlist.addFromCategoryListWithDetails(TS_501_AddToWishlist.java:105)
	at java.base/jdk.internal.reflect.DirectMethodHandleAccessor.invoke(DirectMethodHandleAccessor.java:103)
	at java.base/java.lang.reflect.Method.invoke(Method.java:580)
	at org.testng.internal.invokers.MethodInvocationHelper.invokeMethod(MethodInvocationHelper.java:141)
	at org.testng.internal.invokers.TestInvoker.invokeMethod(TestInvoker.java:686)
	at org.testng.internal.invokers.TestInvoker.invokeTestMethod(TestInvoker.java:230)
	at org.testng.internal.invokers.MethodRunner.runInSequence(MethodRunner.java:63)
	at org.testng.internal.invokers.TestInvoker$MethodInvocationAgent.invoke(TestInvoker.java:992)
	at org.testng.internal.invokers.TestInvoker.invokeTestMethods(TestInvoker.java:203)
	at org.testng.internal.invokers.TestMethodWorker.invokeTestMethods(TestMethodWorker.java:154)
	at org.testng.internal.invokers.TestMethodWorker.run(TestMethodWorker.java:134)
	at java.base/java.util.concurrent.Executors$RunnableAdapter.call(Executors.java:572)
	at java.base/java.util.concurrent.FutureTask.run(FutureTask.java:317)
	at org.testng.internal.thread.graph.TestNGFutureTask.run(TestNGFutureTask.java:22)
	at java.base/java.util.concurrent.ThreadPoolExecutor.runWorker(ThreadPoolExecutor.java:1144)
	at java.base/java.util.concurrent.ThreadPoolExecutor$Worker.run(ThreadPoolExecutor.java:642)
	at java.base/java.lang.Thread.run(Thread.java:1575)
]]></failure>
    <system-out><![CDATA[Selected size: XS
adding to wishlist
]]></system-out>
  </testcase>
  <testcase name="addFromProductPageWithoutDetails" classname="tests.wishlistManagement.TS_501_AddToWishlist" time="14.217">
    <system-out><![CDATA[Username: mktest2025@test.com , Password: 2025Testing
adding to wishlist
Test Passed: Item added to wishlist, redirected, and 'See Details' is visible.
]]></system-out>
  </testcase>
  <testcase name="addFromProductPageWithDetails" classname="tests.wishlistManagement.TS_501_AddToWishlist" time="8.256">
    <system-out><![CDATA[Selected size: XS
adding to wishlist
Test Passed: Item added to wishlist, redirected, and 'See Details' is visible.
]]></system-out>
  </testcase>
  <testcase name="WL009_removeItemFromWishlist" classname="tests.wishlistManagement.TS_502_RemoveFromWishList" time="19.866">
    <system-out><![CDATA[Username: mktest2025@test.com , Password: 2025Testing
Success Message: Circe Hooded Ice Fleece has been removed from your Wish List.
Test Passed: Item successfully removed from wishlist.
]]></system-out>
  </testcase>
  <testcase name="editItemInWishList" classname="tests.wishlistManagement.TS_505_EditWishlist" time="27.584">
    <failure message="❌ Test Failed: Previously selected options are NOT highlighted! expected [true] but found [false]" type="java.lang.AssertionError"><![CDATA[java.lang.AssertionError: ❌ Test Failed: Previously selected options are NOT highlighted! expected [true] but found [false]
	at org.testng.Assert.fail(Assert.java:111)
	at org.testng.Assert.failNotEquals(Assert.java:1578)
	at org.testng.Assert.assertTrue(Assert.java:57)
	at tests.wishlistManagement.TS_505_EditWishlist.editItemInWishList(TS_505_EditWishlist.java:36)
	at java.base/jdk.internal.reflect.DirectMethodHandleAccessor.invoke(DirectMethodHandleAccessor.java:103)
	at java.base/java.lang.reflect.Method.invoke(Method.java:580)
	at org.testng.internal.invokers.MethodInvocationHelper.invokeMethod(MethodInvocationHelper.java:141)
	at org.testng.internal.invokers.TestInvoker.invokeMethod(TestInvoker.java:686)
	at org.testng.internal.invokers.TestInvoker.invokeTestMethod(TestInvoker.java:230)
	at org.testng.internal.invokers.MethodRunner.runInSequence(MethodRunner.java:63)
	at org.testng.internal.invokers.TestInvoker$MethodInvocationAgent.invoke(TestInvoker.java:992)
	at org.testng.internal.invokers.TestInvoker.invokeTestMethods(TestInvoker.java:203)
	at org.testng.internal.invokers.TestMethodWorker.invokeTestMethods(TestMethodWorker.java:154)
	at org.testng.internal.invokers.TestMethodWorker.run(TestMethodWorker.java:134)
	at java.base/java.util.concurrent.Executors$RunnableAdapter.call(Executors.java:572)
	at java.base/java.util.concurrent.FutureTask.run(FutureTask.java:317)
	at org.testng.internal.thread.graph.TestNGFutureTask.run(TestNGFutureTask.java:22)
	at java.base/java.util.concurrent.ThreadPoolExecutor.runWorker(ThreadPoolExecutor.java:1144)
	at java.base/java.util.concurrent.ThreadPoolExecutor$Worker.run(ThreadPoolExecutor.java:642)
	at java.base/java.lang.Thread.run(Thread.java:1575)
]]></failure>
    <system-out><![CDATA[Username: mktest2025@test.com , Password: 2025Testing
Olivia 1/4 Zip Light Jacket
$77.00
Comment
Failed to edit item in wishlist: stale element reference: stale element not found
  (Session info: chrome=133.0.6943.127)
For documentation on this error, please visit: https://www.selenium.dev/documentation/webdriver/troubleshooting/errors#stale-element-reference-exception
Build info: version: '4.28.1', revision: '73f5ad48a2'
System info: os.name: 'Mac OS X', os.arch: 'aarch64', os.version: '15.3', java.version: '23.0.2'
Driver info: org.openqa.selenium.chrome.ChromeDriver
Command: [cb3b160955ea694650a265509633dbc0, getElementText {id=f.E3C2849D1F377B5DE0C3121FEC013059.d.1366E5809C89E3CACB2ED21A267A6D9F.e.79}]
Capabilities {acceptInsecureCerts: false, browserName: chrome, browserVersion: 133.0.6943.127, chrome: {chromedriverVersion: 133.0.6943.126 (cffa127ce7b..., userDataDir: /var/folders/xb/lykg2kw15nj...}, fedcm:accounts: true, goog:chromeOptions: {debuggerAddress: localhost:62195}, networkConnectionEnabled: false, pageLoadStrategy: normal, platformName: mac, proxy: Proxy(), se:cdp: ws://localhost:62195/devtoo..., se:cdpVersion: 133.0.6943.127, setWindowRect: true, strictFileInteractability: false, timeouts: {implicit: 0, pageLoad: 300000, script: 30000}, unhandledPromptBehavior: dismiss and notify, webauthn:extension:credBlob: true, webauthn:extension:largeBlob: true, webauthn:extension:minPinLength: true, webauthn:extension:prf: true, webauthn:virtualAuthenticators: true}
Element: [[[[ChromeDriver: chrome on mac (cb3b160955ea694650a265509633dbc0)] -> css selector: li.product-item]] -> css selector: a.action.edit[href*='/wishlist/index/configure/']]
Session ID: cb3b160955ea694650a265509633dbc0
]]></system-out>
  </testcase>
  <testcase name="shareWishListWithValidEmails" classname="tests.wishlistManagement.TS_504_ShareWishList" time="10.365">
    <failure message="Expected condition failed: waiting for element to be clickable: By.cssSelector: button.action.share[title=&apos;Share Wish List&apos;] (tried for 10 second(s) with 500 milliseconds interval)&#10;Build info: version: &apos;4.28.1&apos;, revision: &apos;73f5ad48a2&apos;&#10;System info: os.name: &apos;Mac OS X&apos;, os.arch: &apos;aarch64&apos;, os.version: &apos;15.3&apos;, java.version: &apos;23.0.2&apos;&#10;Driver info: org.openqa.selenium.chrome.ChromeDriver&#10;Capabilities {acceptInsecureCerts: false, browserName: chrome, browserVersion: 133.0.6943.127, chrome: {chromedriverVersion: 133.0.6943.126 (cffa127ce7b..., userDataDir: /var/folders/xb/lykg2kw15nj...}, fedcm:accounts: true, goog:chromeOptions: {debuggerAddress: localhost:62176}, networkConnectionEnabled: false, pageLoadStrategy: normal, platformName: mac, proxy: Proxy(), se:cdp: ws://localhost:62176/devtoo..., se:cdpVersion: 133.0.6943.127, setWindowRect: true, strictFileInteractability: false, timeouts: {implicit: 0, pageLoad: 300000, script: 30000}, unhandledPromptBehavior: dismiss and notify, webauthn:extension:credBlob: true, webauthn:extension:largeBlob: true, webauthn:extension:minPinLength: true, webauthn:extension:prf: true, webauthn:virtualAuthenticators: true}&#10;Session ID: f7f9c91b82b6f7fa3e6a2b52a2c666d4" type="org.openqa.selenium.TimeoutException"><![CDATA[org.openqa.selenium.TimeoutException: 
Expected condition failed: waiting for element to be clickable: By.cssSelector: button.action.share[title='Share Wish List'] (tried for 10 second(s) with 500 milliseconds interval)
Build info: version: '4.28.1', revision: '73f5ad48a2'
System info: os.name: 'Mac OS X', os.arch: 'aarch64', os.version: '15.3', java.version: '23.0.2'
Driver info: org.openqa.selenium.chrome.ChromeDriver
Capabilities {acceptInsecureCerts: false, browserName: chrome, browserVersion: 133.0.6943.127, chrome: {chromedriverVersion: 133.0.6943.126 (cffa127ce7b..., userDataDir: /var/folders/xb/lykg2kw15nj...}, fedcm:accounts: true, goog:chromeOptions: {debuggerAddress: localhost:62176}, networkConnectionEnabled: false, pageLoadStrategy: normal, platformName: mac, proxy: Proxy(), se:cdp: ws://localhost:62176/devtoo..., se:cdpVersion: 133.0.6943.127, setWindowRect: true, strictFileInteractability: false, timeouts: {implicit: 0, pageLoad: 300000, script: 30000}, unhandledPromptBehavior: dismiss and notify, webauthn:extension:credBlob: true, webauthn:extension:largeBlob: true, webauthn:extension:minPinLength: true, webauthn:extension:prf: true, webauthn:virtualAuthenticators: true}
Session ID: f7f9c91b82b6f7fa3e6a2b52a2c666d4
	at org.openqa.selenium.support.ui.WebDriverWait.timeoutException(WebDriverWait.java:84)
	at org.openqa.selenium.support.ui.FluentWait.until(FluentWait.java:228)
	at pom.WishlistPage.clickShareWishlist(WishlistPage.java:177)
	at tests.wishlistManagement.TS_504_ShareWishList.shareWishList(TS_504_ShareWishList.java:54)
	at tests.wishlistManagement.TS_504_ShareWishList.shareWishListWithValidEmails(TS_504_ShareWishList.java:40)
	at java.base/jdk.internal.reflect.DirectMethodHandleAccessor.invoke(DirectMethodHandleAccessor.java:103)
	at java.base/java.lang.reflect.Method.invoke(Method.java:580)
	at org.testng.internal.invokers.MethodInvocationHelper.invokeMethod(MethodInvocationHelper.java:141)
	at org.testng.internal.invokers.TestInvoker.invokeMethod(TestInvoker.java:686)
	at org.testng.internal.invokers.TestInvoker.invokeTestMethod(TestInvoker.java:230)
	at org.testng.internal.invokers.MethodRunner.runInSequence(MethodRunner.java:63)
	at org.testng.internal.invokers.TestInvoker$MethodInvocationAgent.invoke(TestInvoker.java:992)
	at org.testng.internal.invokers.TestInvoker.invokeTestMethods(TestInvoker.java:203)
	at org.testng.internal.invokers.TestMethodWorker.invokeTestMethods(TestMethodWorker.java:154)
	at org.testng.internal.invokers.TestMethodWorker.run(TestMethodWorker.java:134)
	at java.base/java.util.concurrent.Executors$RunnableAdapter.call(Executors.java:572)
	at java.base/java.util.concurrent.FutureTask.run(FutureTask.java:317)
	at org.testng.internal.thread.graph.TestNGFutureTask.run(TestNGFutureTask.java:22)
	at java.base/java.util.concurrent.ThreadPoolExecutor.runWorker(ThreadPoolExecutor.java:1144)
	at java.base/java.util.concurrent.ThreadPoolExecutor$Worker.run(ThreadPoolExecutor.java:642)
	at java.base/java.lang.Thread.run(Thread.java:1575)
]]></failure>
    <system-out><![CDATA[Username: mktest2025@test.com , Password: 2025Testing
]]></system-out>
  </testcase>
  <testcase name="shareWishListWithInvalidEmail" classname="tests.wishlistManagement.TS_504_ShareWishList" time="10.331">
    <failure message="Expected condition failed: waiting for element to be clickable: By.cssSelector: button.action.share[title=&apos;Share Wish List&apos;] (tried for 10 second(s) with 500 milliseconds interval)&#10;Build info: version: &apos;4.28.1&apos;, revision: &apos;73f5ad48a2&apos;&#10;System info: os.name: &apos;Mac OS X&apos;, os.arch: &apos;aarch64&apos;, os.version: &apos;15.3&apos;, java.version: &apos;23.0.2&apos;&#10;Driver info: org.openqa.selenium.chrome.ChromeDriver&#10;Capabilities {acceptInsecureCerts: false, browserName: chrome, browserVersion: 133.0.6943.127, chrome: {chromedriverVersion: 133.0.6943.126 (cffa127ce7b..., userDataDir: /var/folders/xb/lykg2kw15nj...}, fedcm:accounts: true, goog:chromeOptions: {debuggerAddress: localhost:62176}, networkConnectionEnabled: false, pageLoadStrategy: normal, platformName: mac, proxy: Proxy(), se:cdp: ws://localhost:62176/devtoo..., se:cdpVersion: 133.0.6943.127, setWindowRect: true, strictFileInteractability: false, timeouts: {implicit: 0, pageLoad: 300000, script: 30000}, unhandledPromptBehavior: dismiss and notify, webauthn:extension:credBlob: true, webauthn:extension:largeBlob: true, webauthn:extension:minPinLength: true, webauthn:extension:prf: true, webauthn:virtualAuthenticators: true}&#10;Session ID: f7f9c91b82b6f7fa3e6a2b52a2c666d4" type="org.openqa.selenium.TimeoutException"><![CDATA[org.openqa.selenium.TimeoutException: 
Expected condition failed: waiting for element to be clickable: By.cssSelector: button.action.share[title='Share Wish List'] (tried for 10 second(s) with 500 milliseconds interval)
Build info: version: '4.28.1', revision: '73f5ad48a2'
System info: os.name: 'Mac OS X', os.arch: 'aarch64', os.version: '15.3', java.version: '23.0.2'
Driver info: org.openqa.selenium.chrome.ChromeDriver
Capabilities {acceptInsecureCerts: false, browserName: chrome, browserVersion: 133.0.6943.127, chrome: {chromedriverVersion: 133.0.6943.126 (cffa127ce7b..., userDataDir: /var/folders/xb/lykg2kw15nj...}, fedcm:accounts: true, goog:chromeOptions: {debuggerAddress: localhost:62176}, networkConnectionEnabled: false, pageLoadStrategy: normal, platformName: mac, proxy: Proxy(), se:cdp: ws://localhost:62176/devtoo..., se:cdpVersion: 133.0.6943.127, setWindowRect: true, strictFileInteractability: false, timeouts: {implicit: 0, pageLoad: 300000, script: 30000}, unhandledPromptBehavior: dismiss and notify, webauthn:extension:credBlob: true, webauthn:extension:largeBlob: true, webauthn:extension:minPinLength: true, webauthn:extension:prf: true, webauthn:virtualAuthenticators: true}
Session ID: f7f9c91b82b6f7fa3e6a2b52a2c666d4
	at org.openqa.selenium.support.ui.WebDriverWait.timeoutException(WebDriverWait.java:84)
	at org.openqa.selenium.support.ui.FluentWait.until(FluentWait.java:228)
	at pom.WishlistPage.clickShareWishlist(WishlistPage.java:177)
	at tests.wishlistManagement.TS_504_ShareWishList.shareWishList(TS_504_ShareWishList.java:54)
	at tests.wishlistManagement.TS_504_ShareWishList.shareWishListWithInvalidEmail(TS_504_ShareWishList.java:44)
	at java.base/jdk.internal.reflect.DirectMethodHandleAccessor.invoke(DirectMethodHandleAccessor.java:103)
	at java.base/java.lang.reflect.Method.invoke(Method.java:580)
	at org.testng.internal.invokers.MethodInvocationHelper.invokeMethod(MethodInvocationHelper.java:141)
	at org.testng.internal.invokers.TestInvoker.invokeMethod(TestInvoker.java:686)
	at org.testng.internal.invokers.TestInvoker.invokeTestMethod(TestInvoker.java:230)
	at org.testng.internal.invokers.MethodRunner.runInSequence(MethodRunner.java:63)
	at org.testng.internal.invokers.TestInvoker$MethodInvocationAgent.invoke(TestInvoker.java:992)
	at org.testng.internal.invokers.TestInvoker.invokeTestMethods(TestInvoker.java:203)
	at org.testng.internal.invokers.TestMethodWorker.invokeTestMethods(TestMethodWorker.java:154)
	at org.testng.internal.invokers.TestMethodWorker.run(TestMethodWorker.java:134)
	at java.base/java.util.concurrent.Executors$RunnableAdapter.call(Executors.java:572)
	at java.base/java.util.concurrent.FutureTask.run(FutureTask.java:317)
	at org.testng.internal.thread.graph.TestNGFutureTask.run(TestNGFutureTask.java:22)
	at java.base/java.util.concurrent.ThreadPoolExecutor.runWorker(ThreadPoolExecutor.java:1144)
	at java.base/java.util.concurrent.ThreadPoolExecutor$Worker.run(ThreadPoolExecutor.java:642)
	at java.base/java.lang.Thread.run(Thread.java:1575)
]]></failure>
    <system-out><![CDATA[Step 1 Passed: Redirected to logoutSuccess page.
Step 2 Passed: Redirected to homepage after logout.
Username: mktest2025@test.com , Password: 2025Testing
]]></system-out>
  </testcase>
  <testcase name="emptyTheWishlist" classname="tests.wishlistManagement.TS_503_EmptyWishlist" time="12.821">
    <system-out><![CDATA[Username: mktest2025@test.com , Password: 2025Testing
Wishlist contains items, proceeding with removal.
Success Message: Olivia 1/4 Zip Light Jacket has been removed from your Wish List.
Success Message: Olivia 1/4 Zip Light Jacket has been removed from your Wish List.
Warning message displayed: 'You have no items in your wish list.'
Wishlist is now empty.
]]></system-out>
  </testcase>
  <testcase name="LoginWithEmptyFields" classname="tests.loginFunctionality.LoginTest" time="17.836">
    <system-out><![CDATA[Username:  , Password: 
Error Message: A login and a password are required.
]]></system-out>
    <system-err><![CDATA[Feb 24, 2025 1:03:02 AM org.openqa.selenium.devtools.CdpVersionFinder findNearestMatch
WARNING: Unable to find an exact match for CDP version 133, returning the closest version; found: 132; Please update to a Selenium version that supports CDP version 133
]]></system-err>
  </testcase>
  <testcase name="testInsensivity" classname="tests.loginFunctionality.LoginTest" time="10.905">
    <system-out><![CDATA[Username: MKTEST2025@test.com , Password: 2025Testing
Flash Message: 
ExpectedUrl: https://magento.softwaretestingboard.com/customer/account/
ActualUrl: https://magento.softwaretestingboard.com/customer/account/
]]></system-out>
    <system-err><![CDATA[Feb 24, 2025 1:03:19 AM org.openqa.selenium.devtools.CdpVersionFinder findNearestMatch
WARNING: Unable to find an exact match for CDP version 133, returning the closest version; found: 132; Please update to a Selenium version that supports CDP version 133
]]></system-err>
  </testcase>
  <testcase name="testInvalidEmailFormat" classname="tests.loginFunctionality.LoginTest" time="8.223">
    <failure message="Error message was not displayed for empty fields." type="java.lang.AssertionError"><![CDATA[java.lang.AssertionError: Error message was not displayed for empty fields.
	at org.testng.Assert.fail(Assert.java:111)
	at tests.loginFunctionality.LoginTest.testInvalidEmailFormat(LoginTest.java:157)
	at java.base/jdk.internal.reflect.DirectMethodHandleAccessor.invoke(DirectMethodHandleAccessor.java:103)
	at java.base/java.lang.reflect.Method.invoke(Method.java:580)
	at org.testng.internal.invokers.MethodInvocationHelper.invokeMethod(MethodInvocationHelper.java:141)
	at org.testng.internal.invokers.TestInvoker.invokeMethod(TestInvoker.java:686)
	at org.testng.internal.invokers.TestInvoker.invokeTestMethod(TestInvoker.java:230)
	at org.testng.internal.invokers.MethodRunner.runInSequence(MethodRunner.java:63)
	at org.testng.internal.invokers.TestInvoker$MethodInvocationAgent.invoke(TestInvoker.java:992)
	at org.testng.internal.invokers.TestInvoker.invokeTestMethods(TestInvoker.java:203)
	at org.testng.internal.invokers.TestMethodWorker.invokeTestMethods(TestMethodWorker.java:154)
	at org.testng.internal.invokers.TestMethodWorker.run(TestMethodWorker.java:134)
	at java.base/java.util.concurrent.Executors$RunnableAdapter.call(Executors.java:572)
	at java.base/java.util.concurrent.FutureTask.run(FutureTask.java:317)
	at org.testng.internal.thread.graph.TestNGFutureTask.run(TestNGFutureTask.java:22)
	at java.base/java.util.concurrent.ThreadPoolExecutor.runWorker(ThreadPoolExecutor.java:1144)
	at java.base/java.util.concurrent.ThreadPoolExecutor$Worker.run(ThreadPoolExecutor.java:642)
	at java.base/java.lang.Thread.run(Thread.java:1575)
]]></failure>
    <system-out><![CDATA[Username: test@ , Password: 2025Testing
Element not found By.id: email-error
]]></system-out>
    <system-err><![CDATA[Feb 24, 2025 1:03:30 AM org.openqa.selenium.devtools.CdpVersionFinder findNearestMatch
WARNING: Unable to find an exact match for CDP version 133, returning the closest version; found: 132; Please update to a Selenium version that supports CDP version 133
]]></system-err>
  </testcase>
  <testcase name="testLogout" classname="tests.loginFunctionality.LoginTest" time="23.435">
    <system-out><![CDATA[Username: mktest2025@test.com , Password: 2025Testing
Step 1 Passed: Redirected to logoutSuccess page.
Step 2 Passed: Redirected to homepage after logout.
]]></system-out>
    <system-err><![CDATA[Feb 24, 2025 1:03:38 AM org.openqa.selenium.devtools.CdpVersionFinder findNearestMatch
WARNING: Unable to find an exact match for CDP version 133, returning the closest version; found: 132; Please update to a Selenium version that supports CDP version 133
]]></system-err>
  </testcase>
  <testcase name="testWrongCredentials" classname="tests.loginFunctionality.LoginTest" time="11.191">
    <system-out><![CDATA[Username: mktest2025@test.comm , Password: 2025Testing
Flash Message: This is a demo store to test your test automaiton scripts. No orders will be fulfilled. If you are facing any issue, email us at hello@softwaretestingboard.com.
ExpectedUrl: https://magento.softwaretestingboard.com/customer/account/login/
]]></system-out>
    <system-err><![CDATA[Feb 24, 2025 1:04:02 AM org.openqa.selenium.devtools.CdpVersionFinder findNearestMatch
WARNING: Unable to find an exact match for CDP version 133, returning the closest version; found: 132; Please update to a Selenium version that supports CDP version 133
]]></system-err>
  </testcase>
  <testcase name="testCorrectCredentials" classname="tests.loginFunctionality.LoginTest" time="11.157">
    <system-out><![CDATA[Username: mktest2025@test.com , Password: 2025Testing
Flash Message: 
ExpectedUrl: https://magento.softwaretestingboard.com/customer/account/
ActualUrl: https://magento.softwaretestingboard.com/customer/account/
]]></system-out>
    <system-err><![CDATA[Feb 24, 2025 1:04:13 AM org.openqa.selenium.devtools.CdpVersionFinder findNearestMatch
WARNING: Unable to find an exact match for CDP version 133, returning the closest version; found: 132; Please update to a Selenium version that supports CDP version 133
]]></system-err>
  </testcase>
</testsuite>