<?xml version="1.0" encoding="UTF-8"?>
<!-- Generated by org.testng.reporters.JUnitXMLReporter -->
<testsuite ignored="0" hostname="MacBookPro" failures="1" tests="6" name="Login Functionality" time="71.759" errors="0" timestamp="2025-02-24T00:43:55 GMT+04:00">
  <testcase classname="tests.loginFunctionality.LoginTest" name="LoginWithEmptyFields" time="14.091"/>
  <testcase classname="tests.loginFunctionality.LoginTest" name="testInsensivity" time="14.191"/>
  <testcase classname="tests.loginFunctionality.LoginTest" name="testInvalidEmailFormat" time="6.591">
    <failure type="java.lang.AssertionError" message="Error message was not displayed for empty fields.">
      <![CDATA[java.lang.AssertionError: Error message was not displayed for empty fields.
at tests.loginFunctionality.LoginTest.testInvalidEmailFormat(LoginTest.java:157)
at java.base/java.util.concurrent.Executors$RunnableAdapter.call(Executors.java:572)
at java.base/java.util.concurrent.FutureTask.run(FutureTask.java:317)
at java.base/java.util.concurrent.ThreadPoolExecutor.runWorker(ThreadPoolExecutor.java:1144)
at java.base/java.util.concurrent.ThreadPoolExecutor$Worker.run(ThreadPoolExecutor.java:642)
at java.base/java.lang.Thread.run(Thread.java:1575)
... Removed 12 stack frames]]>
    </failure>
  </testcase> <!-- testInvalidEmailFormat -->
  <testcase classname="tests.loginFunctionality.LoginTest" name="testLogout" time="20.601"/>
  <testcase classname="tests.loginFunctionality.LoginTest" name="testWrongCredentials" time="8.987"/>
  <testcase classname="tests.loginFunctionality.LoginTest" name="testCorrectCredentials" time="7.271"/>
</testsuite> <!-- Login Functionality -->
